This file contains any messages produced by compilers while
running configure, to aid debugging if configure makes a mistake.

It was created by configure, which was
generated by GNU Autoconf 2.69.  Invocation command line was

  $ ./configure 

## --------- ##
## Platform. ##
## --------- ##

hostname = ripednail-VirtualBox
uname -m = x86_64
uname -r = 4.10.0-041000rc7-generic
uname -s = Linux
uname -v = #201702051931 SMP Mon Feb 6 00:33:39 UTC 2017

/usr/bin/uname -p = unknown
/bin/uname -X     = unknown

/bin/arch              = unknown
/usr/bin/arch -k       = unknown
/usr/convex/getsysinfo = unknown
/usr/bin/hostinfo      = unknown
/bin/machine           = unknown
/usr/bin/oslevel       = unknown
/bin/universe          = unknown

PATH: /home/ripednail/bin
PATH: /home/ripednail/.local/bin
PATH: /usr/local/sbin
PATH: /usr/local/bin
PATH: /usr/sbin
PATH: /usr/bin
PATH: /sbin
PATH: /bin
PATH: /usr/games
PATH: /usr/local/games
PATH: /snap/bin


## ----------- ##
## Core tests. ##
## ----------- ##

configure:2339: checking build system type
configure:2353: result: x86_64-unknown-linux-gnu
configure:2373: checking host system type
configure:2386: result: x86_64-unknown-linux-gnu
configure:2406: checking target system type
configure:2419: result: x86_64-unknown-linux-gnu
configure:2462: checking for a BSD-compatible install
configure:2530: result: /usr/bin/install -c
configure:2541: checking whether build environment is sane
configure:2596: result: yes
configure:2634: WARNING: 'missing' script is too old or missing
configure:2747: checking for a thread-safe mkdir -p
configure:2786: result: /bin/mkdir -p
configure:2793: checking for gawk
configure:2823: result: no
configure:2793: checking for mawk
configure:2809: found /usr/bin/mawk
configure:2820: result: mawk
configure:2831: checking whether make sets $(MAKE)
configure:2853: result: yes
configure:2882: checking whether make supports nested variables
configure:2899: result: yes
configure:2985: checking whether make sets $(MAKE)
configure:3007: result: yes
configure:3064: checking for gcc
configure:3080: found /usr/local/bin/gcc
configure:3091: result: gcc
configure:3320: checking for C compiler version
configure:3329: gcc --version >&5
gcc (Ubuntu 6.3.0-12ubuntu2) 6.3.0 20170406
Copyright (C) 2016 Free Software Foundation, Inc.
This is free software; see the source for copying conditions.  There is NO
warranty; not even for MERCHANTABILITY or FITNESS FOR A PARTICULAR PURPOSE.

configure:3340: $? = 0
configure:3329: gcc -v >&5
Using built-in specs.
COLLECT_GCC=gcc
COLLECT_LTO_WRAPPER=/usr/lib/gcc/x86_64-linux-gnu/6/lto-wrapper
Target: x86_64-linux-gnu
Configured with: ../src/configure -v --with-pkgversion='Ubuntu 6.3.0-12ubuntu2' --with-bugurl=file:///usr/share/doc/gcc-6/README.Bugs --enable-languages=c,ada,c++,java,go,d,fortran,objc,obj-c++ --prefix=/usr --program-suffix=-6 --program-prefix=x86_64-linux-gnu- --enable-shared --enable-linker-build-id --libexecdir=/usr/lib --without-included-gettext --enable-threads=posix --libdir=/usr/lib --enable-nls --with-sysroot=/ --enable-clocale=gnu --enable-libstdcxx-debug --enable-libstdcxx-time=yes --with-default-libstdcxx-abi=new --enable-gnu-unique-object --disable-vtable-verify --enable-libmpx --enable-plugin --enable-default-pie --with-system-zlib --disable-browser-plugin --enable-java-awt=gtk --enable-gtk-cairo --with-java-home=/usr/lib/jvm/java-1.5.0-gcj-6-amd64/jre --enable-java-home --with-jvm-root-dir=/usr/lib/jvm/java-1.5.0-gcj-6-amd64 --with-jvm-jar-dir=/usr/lib/jvm-exports/java-1.5.0-gcj-6-amd64 --with-arch-directory=amd64 --with-ecj-jar=/usr/share/java/eclipse-ecj.jar --with-target-system-zlib --enable-objc-gc=auto --enable-multiarch --disable-werror --with-arch-32=i686 --with-abi=m64 --with-multilib-list=m32,m64,mx32 --enable-multilib --with-tune=generic --enable-checking=release --build=x86_64-linux-gnu --host=x86_64-linux-gnu --target=x86_64-linux-gnu
Thread model: posix
gcc version 6.3.0 20170406 (Ubuntu 6.3.0-12ubuntu2) 
configure:3340: $? = 0
configure:3329: gcc -V >&5
gcc: error: unrecognized command line option '-V'
gcc: fatal error: no input files
compilation terminated.
configure:3340: $? = 1
configure:3329: gcc -qversion >&5
gcc: error: unrecognized command line option '-qversion'; did you mean '--version'?
gcc: fatal error: no input files
compilation terminated.
configure:3340: $? = 1
configure:3360: checking whether the C compiler works
configure:3382: gcc    conftest.c  >&5
configure:3386: $? = 0
configure:3434: result: yes
configure:3437: checking for C compiler default output file name
configure:3439: result: a.out
configure:3445: checking for suffix of executables
configure:3452: gcc -o conftest    conftest.c  >&5
configure:3456: $? = 0
configure:3478: result: 
configure:3500: checking whether we are cross compiling
configure:3508: gcc -o conftest    conftest.c  >&5
configure:3512: $? = 0
configure:3519: ./conftest
configure:3523: $? = 0
configure:3538: result: no
configure:3543: checking for suffix of object files
configure:3565: gcc -c   conftest.c >&5
configure:3569: $? = 0
configure:3590: result: o
configure:3594: checking whether we are using the GNU C compiler
configure:3613: gcc -c   conftest.c >&5
configure:3613: $? = 0
configure:3622: result: yes
configure:3631: checking whether gcc accepts -g
configure:3651: gcc -c -g  conftest.c >&5
configure:3651: $? = 0
configure:3692: result: yes
configure:3709: checking for gcc option to accept ISO C89
configure:3772: gcc  -c -O3  conftest.c >&5
configure:3772: $? = 0
configure:3785: result: none needed
configure:3816: checking for style of include used by make
configure:3844: result: GNU
configure:3870: checking dependency style of gcc
configure:3981: result: gcc3
configure:4054: checking for g++
configure:4070: found /usr/bin/g++
configure:4081: result: g++
configure:4108: checking for C++ compiler version
configure:4117: g++ --version >&5
g++ (Ubuntu 6.3.0-12ubuntu2) 6.3.0 20170406
Copyright (C) 2016 Free Software Foundation, Inc.
This is free software; see the source for copying conditions.  There is NO
warranty; not even for MERCHANTABILITY or FITNESS FOR A PARTICULAR PURPOSE.

configure:4128: $? = 0
configure:4117: g++ -v >&5
Using built-in specs.
COLLECT_GCC=g++
COLLECT_LTO_WRAPPER=/usr/lib/gcc/x86_64-linux-gnu/6/lto-wrapper
Target: x86_64-linux-gnu
Configured with: ../src/configure -v --with-pkgversion='Ubuntu 6.3.0-12ubuntu2' --with-bugurl=file:///usr/share/doc/gcc-6/README.Bugs --enable-languages=c,ada,c++,java,go,d,fortran,objc,obj-c++ --prefix=/usr --program-suffix=-6 --program-prefix=x86_64-linux-gnu- --enable-shared --enable-linker-build-id --libexecdir=/usr/lib --without-included-gettext --enable-threads=posix --libdir=/usr/lib --enable-nls --with-sysroot=/ --enable-clocale=gnu --enable-libstdcxx-debug --enable-libstdcxx-time=yes --with-default-libstdcxx-abi=new --enable-gnu-unique-object --disable-vtable-verify --enable-libmpx --enable-plugin --enable-default-pie --with-system-zlib --disable-browser-plugin --enable-java-awt=gtk --enable-gtk-cairo --with-java-home=/usr/lib/jvm/java-1.5.0-gcj-6-amd64/jre --enable-java-home --with-jvm-root-dir=/usr/lib/jvm/java-1.5.0-gcj-6-amd64 --with-jvm-jar-dir=/usr/lib/jvm-exports/java-1.5.0-gcj-6-amd64 --with-arch-directory=amd64 --with-ecj-jar=/usr/share/java/eclipse-ecj.jar --with-target-system-zlib --enable-objc-gc=auto --enable-multiarch --disable-werror --with-arch-32=i686 --with-abi=m64 --with-multilib-list=m32,m64,mx32 --enable-multilib --with-tune=generic --enable-checking=release --build=x86_64-linux-gnu --host=x86_64-linux-gnu --target=x86_64-linux-gnu
Thread model: posix
gcc version 6.3.0 20170406 (Ubuntu 6.3.0-12ubuntu2) 
configure:4128: $? = 0
configure:4117: g++ -V >&5
g++: error: unrecognized command line option '-V'
g++: fatal error: no input files
compilation terminated.
configure:4128: $? = 1
configure:4117: g++ -qversion >&5
g++: error: unrecognized command line option '-qversion'; did you mean '--version'?
g++: fatal error: no input files
compilation terminated.
configure:4128: $? = 1
configure:4132: checking whether we are using the GNU C++ compiler
configure:4151: g++ -c   conftest.cpp >&5
configure:4151: $? = 0
configure:4160: result: yes
configure:4169: checking whether g++ accepts -g
configure:4189: g++ -c -g  conftest.cpp >&5
configure:4189: $? = 0
configure:4230: result: yes
configure:4255: checking dependency style of g++
configure:4366: result: gcc3
configure:4425: checking for ranlib
configure:4441: found /usr/bin/ranlib
configure:4452: result: ranlib
configure:4487: checking for beer in -lfridge
configure:4512: gcc -o conftest -O3  -std=gnu++17 -I/usr/X11R6/include -I/usr/X11R6 -I/usr/local/include  -L/usr/X11R6/lib -L/usr/X11R6 -L/usr/local/lib conftest.c -lfridge   >&5
cc1: warning: command line option '-std=gnu++1z' is valid for C++/ObjC++ but not for C
/usr/bin/ld: cannot find -lfridge
collect2: error: ld returned 1 exit status
configure:4512: $? = 1
configure: failed program was:
| /* confdefs.h */
| #define PACKAGE_NAME ""
| #define PACKAGE_TARNAME ""
| #define PACKAGE_VERSION ""
| #define PACKAGE_STRING ""
| #define PACKAGE_BUGREPORT ""
| #define PACKAGE_URL ""
| #define PACKAGE "scorched3d"
| #define VERSION "43"
| /* end confdefs.h.  */
| 
| /* Override any GCC internal prototype to avoid an error.
|    Use char because int might match the return type of a GCC
|    builtin and then its argument prototype would still apply.  */
| #ifdef __cplusplus
| extern "C"
| #endif
| char beer ();
| int
| main ()
| {
| return beer ();
|   ;
|   return 0;
| }
configure:4521: result: no
configure:4550: checking for OpenGL support
configure:4569: gcc -c -O3  -std=gnu++17 -I/usr/X11R6/include -I/usr/X11R6 -I/usr/local/include conftest.c >&5
cc1: warning: command line option '-std=gnu++1z' is valid for C++/ObjC++ but not for C
configure:4569: $? = 0
configure:4581: result: yes
configure:4594: checking for GLEW support
configure:4612: gcc -c -O3  -std=gnu++17 -I/usr/X11R6/include -I/usr/X11R6 -I/usr/local/include conftest.c >&5
cc1: warning: command line option '-std=gnu++1z' is valid for C++/ObjC++ but not for C
configure:4612: $? = 0
configure:4624: result: yes
configure:4656: checking for OpenAL support
configure:4660: checking for openal-config
configure:4691: result: no
configure:4707: checking for pkg-config
configure:4725: found /usr/bin/pkg-config
configure:4738: result: /usr/bin/pkg-config
configure:4765: result: yes
configure:4768: checking for Freealut support
configure:4772: checking for freealut-config
configure:4790: found /usr/bin/freealut-config
configure:4803: result: /usr/bin/freealut-config
configure:4822: result: yes
configure:4826: checking for OpenAL compilation
configure:4857: gcc -c -O3 -I/usr/include/AL   -std=gnu++17 -I/usr/X11R6/include -I/usr/X11R6 -I/usr/local/include conftest.c >&5
cc1: warning: command line option '-std=gnu++1z' is valid for C++/ObjC++ but not for C
configure:4857: $? = 0
configure:4900: gcc -o conftest -O3 -I/usr/include/AL   -std=gnu++17 -I/usr/X11R6/include -I/usr/X11R6 -I/usr/local/include  -L/usr/X11R6/lib -L/usr/X11R6 -L/usr/local/lib conftest.c -lopenal -L/usr/lib/x86_64-linux-gnu -lalut  >&5
cc1: warning: command line option '-std=gnu++1z' is valid for C++/ObjC++ but not for C
conftest.c: In function 'main':
conftest.c:23:13: warning: passing argument 1 of 'alutInit' makes pointer from integer without a cast [-Wint-conversion]
    alutInit(argc, argv);
             ^~~~
In file included from conftest.c:17:0:
/usr/include/AL/alut.h:84:34: note: expected 'int *' but argument is of type 'int'
 ALUT_API ALboolean ALUT_APIENTRY alutInit (int *argcp, char **argv);
                                  ^~~~~~~~
configure:4900: $? = 0
configure:4918: result: yes
configure:4985: checking for wx-config
configure:5004: found /usr/bin/wx-config
configure:5017: result: /usr/bin/wx-config
configure:5032: checking for wxWindows version >= 2.4.0
configure:5110: result: yes (version 3.0.2)
configure:5216: checking for Ogg
configure:5246: gcc -o conftest -O3   -std=gnu++17 -I/usr/X11R6/include -I/usr/X11R6 -I/usr/local/include  -L/usr/X11R6/lib -L/usr/X11R6 -L/usr/local/lib conftest.c   -logg >&5
cc1: warning: command line option '-std=gnu++1z' is valid for C++/ObjC++ but not for C
conftest.c: In function 'main':
conftest.c:19:3: warning: ignoring return value of 'system', declared with attribute warn_unused_result [-Wunused-result]
   system("touch conf.oggtest");
   ^~~~~~~~~~~~~~~~~~~~~~~~~~~~
configure:5246: $? = 0
configure:5246: ./conftest
configure:5246: $? = 0
configure:5260: result: yes
configure:5323: checking for Vorbis
configure:5365: gcc -o conftest -O3    -std=gnu++17 -I/usr/X11R6/include -I/usr/X11R6 -I/usr/local/include  -L/usr/X11R6/lib -L/usr/X11R6 -L/usr/local/lib conftest.c   -lvorbis -lm -lvorbisenc  -logg >&5
cc1: warning: command line option '-std=gnu++1z' is valid for C++/ObjC++ but not for C
conftest.c: In function 'main':
conftest.c:31:5: warning: ignoring return value of 'system', declared with attribute warn_unused_result [-Wunused-result]
     system("touch conf.vorbistest");
     ^~~~~~~~~~~~~~~~~~~~~~~~~~~~~~~
configure:5365: $? = 0
configure:5365: ./conftest
configure:5365: $? = 0
configure:5379: result: yes
configure:5555: checking for freetype-config
configure:5573: found /usr/bin/freetype-config
configure:5586: result: /usr/bin/freetype-config
configure:5596: checking for FreeType -- version >= 7.0.1
configure:5677: gcc -o conftest -O3 -I/usr/include/freetype2  -std=gnu++17 -I/usr/X11R6/include -I/usr/X11R6 -I/usr/local/include  -L/usr/X11R6/lib -L/usr/X11R6 -L/usr/local/lib conftest.c -lfreetype  >&5
cc1: warning: command line option '-std=gnu++1z' is valid for C++/ObjC++ but not for C
configure:5677: $? = 0
configure:5677: ./conftest
configure:5677: $? = 0
configure:5694: result: yes
configure:5829: checking for FFTW
configure:5883: gcc -o conftest -O3   -std=gnu++17 -I/usr/X11R6/include -I/usr/X11R6 -I/usr/local/include  -L/usr/X11R6/lib -L/usr/X11R6 -L/usr/local/lib conftest.c   -lfftw3f >&5
cc1: warning: command line option '-std=gnu++1z' is valid for C++/ObjC++ but not for C
conftest.c: In function 'main':
conftest.c:45:5: warning: ignoring return value of 'system', declared with attribute warn_unused_result [-Wunused-result]
     system("touch conf.fftwtest");
     ^~~~~~~~~~~~~~~~~~~~~~~~~~~~~
configure:5883: $? = 0
configure:5883: ./conftest
configure:5883: $? = 0
configure:5897: result: yes
configure:5963: checking for SDL
configure:6015: checking for sdl-config
configure:6033: found /usr/bin/sdl-config
configure:6046: result: /usr/bin/sdl-config
configure:6055: checking for SDL - version >= 1.2.5
configure:6147: gcc -o conftest -O3 -I/usr/include/SDL -D_GNU_SOURCE=1 -D_REENTRANT  -std=gnu++17 -I/usr/X11R6/include -I/usr/X11R6 -I/usr/local/include  -L/usr/X11R6/lib -L/usr/X11R6 -L/usr/local/lib conftest.c  -L/usr/lib/x86_64-linux-gnu -lSDL >&5
cc1: warning: command line option '-std=gnu++1z' is valid for C++/ObjC++ but not for C
configure:6147: $? = 0
configure:6147: ./conftest
configure:6147: $? = 0
configure:6162: result: yes
configure:6233: checking for SDL_net lib
configure:6269: gcc -c -O3 -I/usr/include/SDL -D_GNU_SOURCE=1 -D_REENTRANT  -std=gnu++17 -I/usr/X11R6/include -I/usr/X11R6 -I/usr/local/include conftest.c >&5
cc1: warning: command line option '-std=gnu++1z' is valid for C++/ObjC++ but not for C
configure:6269: $? = 0
configure:6285: result: yes
configure:6297: checking for floating point math support
configure:6315: gcc -c -O3  -std=gnu++17 -I/usr/X11R6/include -I/usr/X11R6 -I/usr/local/include conftest.c >&5
cc1: warning: command line option '-std=gnu++1z' is valid for C++/ObjC++ but not for C
configure:6315: $? = 0
configure:6325: result: yes
configure:6431: checking for profiling enabled
configure:6446: result: no
configure:6453: checking for vsnprintf
configure:6453: gcc -o conftest -O3  -std=gnu++17 -I/usr/X11R6/include -I/usr/X11R6 -I/usr/local/include  -L/usr/X11R6/lib -L/usr/X11R6 -L/usr/local/lib conftest.c  >&5
cc1: warning: command line option '-std=gnu++1z' is valid for C++/ObjC++ but not for C
conftest.c:35:6: warning: conflicting types for built-in function 'vsnprintf'
 char vsnprintf ();
      ^~~~~~~~~
configure:6453: $? = 0
configure:6453: result: yes
configure:6453: checking for snprintf
configure:6453: gcc -o conftest -O3  -std=gnu++17 -I/usr/X11R6/include -I/usr/X11R6 -I/usr/local/include  -L/usr/X11R6/lib -L/usr/X11R6 -L/usr/local/lib conftest.c  >&5
cc1: warning: command line option '-std=gnu++1z' is valid for C++/ObjC++ but not for C
conftest.c:36:6: warning: conflicting types for built-in function 'snprintf'
 char snprintf ();
      ^~~~~~~~
configure:6453: $? = 0
configure:6453: result: yes
configure:6453: checking for vasprintf
configure:6453: gcc -o conftest -O3  -std=gnu++17 -I/usr/X11R6/include -I/usr/X11R6 -I/usr/local/include  -L/usr/X11R6/lib -L/usr/X11R6 -L/usr/local/lib conftest.c  >&5
cc1: warning: command line option '-std=gnu++1z' is valid for C++/ObjC++ but not for C
configure:6453: $? = 0
configure:6453: result: yes
configure:6453: checking for asprintf
configure:6453: gcc -o conftest -O3  -std=gnu++17 -I/usr/X11R6/include -I/usr/X11R6 -I/usr/local/include  -L/usr/X11R6/lib -L/usr/X11R6 -L/usr/local/lib conftest.c  >&5
cc1: warning: command line option '-std=gnu++1z' is valid for C++/ObjC++ but not for C
configure:6453: $? = 0
configure:6453: result: yes
configure:6453: checking for iconv
configure:6453: gcc -o conftest -O3  -std=gnu++17 -I/usr/X11R6/include -I/usr/X11R6 -I/usr/local/include  -L/usr/X11R6/lib -L/usr/X11R6 -L/usr/local/lib conftest.c  >&5
cc1: warning: command line option '-std=gnu++1z' is valid for C++/ObjC++ but not for C
configure:6453: $? = 0
configure:6453: result: yes
configure:6469: checking how to run the C preprocessor
configure:6500: gcc -E  -std=gnu++17 -I/usr/X11R6/include -I/usr/X11R6 -I/usr/local/include conftest.c
cc1: warning: command line option '-std=gnu++1z' is valid for C++/ObjC++ but not for C
configure:6500: $? = 0
configure:6514: gcc -E  -std=gnu++17 -I/usr/X11R6/include -I/usr/X11R6 -I/usr/local/include conftest.c
cc1: warning: command line option '-std=gnu++1z' is valid for C++/ObjC++ but not for C
conftest.c:17:28: fatal error: ac_nonexistent.h: No such file or directory
 #include <ac_nonexistent.h>
                            ^
compilation terminated.
configure:6514: $? = 1
configure: failed program was:
| /* confdefs.h */
| #define PACKAGE_NAME ""
| #define PACKAGE_TARNAME ""
| #define PACKAGE_VERSION ""
| #define PACKAGE_STRING ""
| #define PACKAGE_BUGREPORT ""
| #define PACKAGE_URL ""
| #define PACKAGE "scorched3d"
| #define VERSION "43"
| #define HAVE_OGG 1
| #define HAVE_VSNPRINTF 1
| #define HAVE_SNPRINTF 1
| #define HAVE_VASPRINTF 1
| #define HAVE_ASPRINTF 1
| #define HAVE_ICONV 1
| /* end confdefs.h.  */
| #include <ac_nonexistent.h>
configure:6539: result: gcc -E
configure:6559: gcc -E  -std=gnu++17 -I/usr/X11R6/include -I/usr/X11R6 -I/usr/local/include conftest.c
cc1: warning: command line option '-std=gnu++1z' is valid for C++/ObjC++ but not for C
configure:6559: $? = 0
configure:6573: gcc -E  -std=gnu++17 -I/usr/X11R6/include -I/usr/X11R6 -I/usr/local/include conftest.c
cc1: warning: command line option '-std=gnu++1z' is valid for C++/ObjC++ but not for C
conftest.c:17:28: fatal error: ac_nonexistent.h: No such file or directory
 #include <ac_nonexistent.h>
                            ^
compilation terminated.
configure:6573: $? = 1
configure: failed program was:
| /* confdefs.h */
| #define PACKAGE_NAME ""
| #define PACKAGE_TARNAME ""
| #define PACKAGE_VERSION ""
| #define PACKAGE_STRING ""
| #define PACKAGE_BUGREPORT ""
| #define PACKAGE_URL ""
| #define PACKAGE "scorched3d"
| #define VERSION "43"
| #define HAVE_OGG 1
| #define HAVE_VSNPRINTF 1
| #define HAVE_SNPRINTF 1
| #define HAVE_VASPRINTF 1
| #define HAVE_ASPRINTF 1
| #define HAVE_ICONV 1
| /* end confdefs.h.  */
| #include <ac_nonexistent.h>
configure:6602: checking for grep that handles long lines and -e
configure:6660: result: /bin/grep
configure:6665: checking for egrep
configure:6727: result: /bin/grep -E
configure:6732: checking for ANSI C header files
configure:6752: gcc -c -O3  -std=gnu++17 -I/usr/X11R6/include -I/usr/X11R6 -I/usr/local/include conftest.c >&5
cc1: warning: command line option '-std=gnu++1z' is valid for C++/ObjC++ but not for C
configure:6752: $? = 0
cc1: warning: command line option '-std=gnu++1z' is valid for C++/ObjC++ but not for C
cc1: warning: command line option '-std=gnu++1z' is valid for C++/ObjC++ but not for C
configure:6825: gcc -o conftest -O3  -std=gnu++17 -I/usr/X11R6/include -I/usr/X11R6 -I/usr/local/include  -L/usr/X11R6/lib -L/usr/X11R6 -L/usr/local/lib conftest.c  >&5
cc1: warning: command line option '-std=gnu++1z' is valid for C++/ObjC++ but not for C
configure:6825: $? = 0
configure:6825: ./conftest
configure:6825: $? = 0
configure:6836: result: yes
configure:6849: checking for sys/types.h
configure:6849: gcc -c -O3  -std=gnu++17 -I/usr/X11R6/include -I/usr/X11R6 -I/usr/local/include conftest.c >&5
cc1: warning: command line option '-std=gnu++1z' is valid for C++/ObjC++ but not for C
configure:6849: $? = 0
configure:6849: result: yes
configure:6849: checking for sys/stat.h
configure:6849: gcc -c -O3  -std=gnu++17 -I/usr/X11R6/include -I/usr/X11R6 -I/usr/local/include conftest.c >&5
cc1: warning: command line option '-std=gnu++1z' is valid for C++/ObjC++ but not for C
configure:6849: $? = 0
configure:6849: result: yes
configure:6849: checking for stdlib.h
configure:6849: gcc -c -O3  -std=gnu++17 -I/usr/X11R6/include -I/usr/X11R6 -I/usr/local/include conftest.c >&5
cc1: warning: command line option '-std=gnu++1z' is valid for C++/ObjC++ but not for C
configure:6849: $? = 0
configure:6849: result: yes
configure:6849: checking for string.h
configure:6849: gcc -c -O3  -std=gnu++17 -I/usr/X11R6/include -I/usr/X11R6 -I/usr/local/include conftest.c >&5
cc1: warning: command line option '-std=gnu++1z' is valid for C++/ObjC++ but not for C
configure:6849: $? = 0
configure:6849: result: yes
configure:6849: checking for memory.h
configure:6849: gcc -c -O3  -std=gnu++17 -I/usr/X11R6/include -I/usr/X11R6 -I/usr/local/include conftest.c >&5
cc1: warning: command line option '-std=gnu++1z' is valid for C++/ObjC++ but not for C
configure:6849: $? = 0
configure:6849: result: yes
configure:6849: checking for strings.h
configure:6849: gcc -c -O3  -std=gnu++17 -I/usr/X11R6/include -I/usr/X11R6 -I/usr/local/include conftest.c >&5
cc1: warning: command line option '-std=gnu++1z' is valid for C++/ObjC++ but not for C
configure:6849: $? = 0
configure:6849: result: yes
configure:6849: checking for inttypes.h
configure:6849: gcc -c -O3  -std=gnu++17 -I/usr/X11R6/include -I/usr/X11R6 -I/usr/local/include conftest.c >&5
cc1: warning: command line option '-std=gnu++1z' is valid for C++/ObjC++ but not for C
configure:6849: $? = 0
configure:6849: result: yes
configure:6849: checking for stdint.h
configure:6849: gcc -c -O3  -std=gnu++17 -I/usr/X11R6/include -I/usr/X11R6 -I/usr/local/include conftest.c >&5
cc1: warning: command line option '-std=gnu++1z' is valid for C++/ObjC++ but not for C
configure:6849: $? = 0
configure:6849: result: yes
configure:6849: checking for unistd.h
configure:6849: gcc -c -O3  -std=gnu++17 -I/usr/X11R6/include -I/usr/X11R6 -I/usr/local/include conftest.c >&5
cc1: warning: command line option '-std=gnu++1z' is valid for C++/ObjC++ but not for C
configure:6849: $? = 0
configure:6849: result: yes
configure:6864: checking for unistd.h
configure:6864: result: yes
configure:6864: checking iconv.h usability
configure:6864: gcc -c -O3  -std=gnu++17 -I/usr/X11R6/include -I/usr/X11R6 -I/usr/local/include conftest.c >&5
cc1: warning: command line option '-std=gnu++1z' is valid for C++/ObjC++ but not for C
configure:6864: $? = 0
configure:6864: result: yes
configure:6864: checking iconv.h presence
configure:6864: gcc -E  -std=gnu++17 -I/usr/X11R6/include -I/usr/X11R6 -I/usr/local/include conftest.c
cc1: warning: command line option '-std=gnu++1z' is valid for C++/ObjC++ but not for C
configure:6864: $? = 0
configure:6864: result: yes
configure:6864: checking for iconv.h
configure:6864: result: yes
configure:7060: checking that generated files are newer than configure
configure:7066: result: done
configure:7093: creating ./config.status

## ---------------------- ##
## Running config.status. ##
## ---------------------- ##

This file was extended by config.status, which was
generated by GNU Autoconf 2.69.  Invocation command line was

  CONFIG_FILES    = 
  CONFIG_HEADERS  = 
  CONFIG_LINKS    = 
  CONFIG_COMMANDS = 
  $ ./config.status 

on ripednail-VirtualBox

config.status:837: creating Makefile
config.status:837: creating src/Makefile
config.status:837: creating src/launcher/Makefile
config.status:837: creating src/launcher/scorched/Makefile
config.status:837: creating src/client/Makefile
config.status:837: creating src/client/scorchedc/Makefile
config.status:837: creating src/server/Makefile
config.status:837: creating src/server/scorcheds/Makefile
config.status:1009: executing depfiles commands

## ---------------- ##
## Cache variables. ##
## ---------------- ##

ac_cv_build=x86_64-unknown-linux-gnu
ac_cv_c_compiler_gnu=yes
ac_cv_cxx_compiler_gnu=yes
ac_cv_env_CCC_set=
ac_cv_env_CCC_value=
ac_cv_env_CC_set=
ac_cv_env_CC_value=
ac_cv_env_CFLAGS_set=
ac_cv_env_CFLAGS_value=
ac_cv_env_CPPFLAGS_set=
ac_cv_env_CPPFLAGS_value=
ac_cv_env_CPP_set=
ac_cv_env_CPP_value=
ac_cv_env_CXXFLAGS_set=
ac_cv_env_CXXFLAGS_value=
ac_cv_env_CXX_set=
ac_cv_env_CXX_value=
ac_cv_env_LDFLAGS_set=
ac_cv_env_LDFLAGS_value=
ac_cv_env_LIBS_set=
ac_cv_env_LIBS_value=
ac_cv_env_build_alias_set=
ac_cv_env_build_alias_value=
ac_cv_env_host_alias_set=
ac_cv_env_host_alias_value=
ac_cv_env_target_alias_set=
ac_cv_env_target_alias_value=
ac_cv_func_asprintf=yes
ac_cv_func_iconv=yes
ac_cv_func_snprintf=yes
ac_cv_func_vasprintf=yes
ac_cv_func_vsnprintf=yes
ac_cv_header_iconv_h=yes
ac_cv_header_inttypes_h=yes
ac_cv_header_memory_h=yes
ac_cv_header_stdc=yes
ac_cv_header_stdint_h=yes
ac_cv_header_stdlib_h=yes
ac_cv_header_string_h=yes
ac_cv_header_strings_h=yes
ac_cv_header_sys_stat_h=yes
ac_cv_header_sys_types_h=yes
ac_cv_header_unistd_h=yes
ac_cv_host=x86_64-unknown-linux-gnu
ac_cv_lib_fridge_beer=no
ac_cv_objext=o
ac_cv_path_EGREP='/bin/grep -E'
ac_cv_path_FREEALUT_CONFIG=/usr/bin/freealut-config
ac_cv_path_FT2_CONFIG=/usr/bin/freetype-config
ac_cv_path_GREP=/bin/grep
ac_cv_path_OPENAL_CONFIG=no
ac_cv_path_PKG_CONFIG=/usr/bin/pkg-config
ac_cv_path_SDL_CONFIG=/usr/bin/sdl-config
ac_cv_path_WX_CONFIG_PATH=/usr/bin/wx-config
ac_cv_path_install='/usr/bin/install -c'
ac_cv_path_mkdir=/bin/mkdir
ac_cv_prog_AWK=mawk
ac_cv_prog_CPP='gcc -E'
ac_cv_prog_ac_ct_CC=gcc
ac_cv_prog_ac_ct_CXX=g++
ac_cv_prog_ac_ct_RANLIB=ranlib
ac_cv_prog_cc_c89=
ac_cv_prog_cc_g=yes
ac_cv_prog_cxx_g=yes
ac_cv_prog_make_make_set=yes
ac_cv_target=x86_64-unknown-linux-gnu
am_cv_CC_dependencies_compiler_type=gcc3
am_cv_CXX_dependencies_compiler_type=gcc3
am_cv_make_support_nested_variables=yes

## ----------------- ##
## Output variables. ##
## ----------------- ##

ACLOCAL='aclocal-1.13'
AL_CFLAGS='-I/usr/include/AL '
AL_LIBS='-lopenal -L/usr/lib/x86_64-linux-gnu -lalut'
AMDEPBACKSLASH='\'
AMDEP_FALSE='#'
AMDEP_TRUE=''
AMTAR='$${TAR-tar}'
AM_BACKSLASH='\'
AM_DEFAULT_V='$(AM_DEFAULT_VERBOSITY)'
AM_DEFAULT_VERBOSITY='1'
AM_V='$(V)'
AUTOCONF='autoconf'
AUTOHEADER='autoheader'
AUTOMAKE='automake-1.13'
AWK='mawk'
CC='gcc'
CCDEPMODE='depmode=gcc3'
CFLAGS='-O3 -DS3D_DOCDIR=\"${datadir}/documentation\" -DS3D_DATADIR=\"${datarootdir}\" -DS3D_BINDIR=\"${exec_prefix}/bin\"'
CPP='gcc -E'
CPPFLAGS=' -std=gnu++17 -I/usr/X11R6/include -I/usr/X11R6 -I/usr/local/include'
CXX='g++'
CXXDEPMODE='depmode=gcc3'
CXXFLAGS='-std=gnu++17 -O3 -DS3D_DOCDIR=\"${datadir}/documentation\" -DS3D_DATADIR=\"${datarootdir}\" -DS3D_BINDIR=\"${exec_prefix}/bin\"'
CYGPATH_W='echo'
DEFS='-DPACKAGE_NAME=\"\" -DPACKAGE_TARNAME=\"\" -DPACKAGE_VERSION=\"\" -DPACKAGE_STRING=\"\" -DPACKAGE_BUGREPORT=\"\" -DPACKAGE_URL=\"\" -DPACKAGE=\"scorched3d\" -DVERSION=\"43\" -DHAVE_OGG=1 -DHAVE_VSNPRINTF=1 -DHAVE_SNPRINTF=1 -DHAVE_VASPRINTF=1 -DHAVE_ASPRINTF=1 -DHAVE_ICONV=1 -DSTDC_HEADERS=1 -DHAVE_SYS_TYPES_H=1 -DHAVE_SYS_STAT_H=1 -DHAVE_STDLIB_H=1 -DHAVE_STRING_H=1 -DHAVE_MEMORY_H=1 -DHAVE_STRINGS_H=1 -DHAVE_INTTYPES_H=1 -DHAVE_STDINT_H=1 -DHAVE_UNISTD_H=1 -DHAVE_UNISTD_H=1 -DHAVE_ICONV_H=1'
DEPDIR='.deps'
ECHO_C=''
ECHO_N='-n'
ECHO_T=''
EGREP='/bin/grep -E'
EXEEXT=''
FFTW_CFLAGS=''
FFTW_LIBS=' -lfftw3f'
FREEALUT_CONFIG='/usr/bin/freealut-config'
FT2_CFLAGS='-I/usr/include/freetype2'
FT2_CONFIG='/usr/bin/freetype-config'
FT2_LIBS='-lfreetype'
GL_LIBS='-lGL -lGLU -lpthread -lGLEW'
GREP='/bin/grep'
INSTALL_DATA='${INSTALL} -m 644'
INSTALL_PROGRAM='${INSTALL}'
INSTALL_SCRIPT='${INSTALL}'
INSTALL_STRIP_PROGRAM='$(install_sh) -c -s'
LDFLAGS=' -L/usr/X11R6/lib -L/usr/X11R6 -L/usr/local/lib'
LIBOBJS=''
LIBS=' -lexpat -lz -lpng -ljpeg'
LTLIBOBJS=''
MAKEINFO='makeinfo'
MKDIR_P='/bin/mkdir -p'
MYSQL_CFLAGS=''
MYSQL_LIBS=''
OBJEXT='o'
OGG_CFLAGS=' '
OGG_LIBS=' -logg  -lvorbis -lm -lvorbisfile'
OPENAL_CONFIG='/usr/bin/pkg-config openal'
PACKAGE='scorched3d'
PACKAGE_BUGREPORT=''
PACKAGE_NAME=''
PACKAGE_STRING=''
PACKAGE_TARNAME=''
PACKAGE_URL=''
PACKAGE_VERSION=''
PATH_SEPARATOR=':'
PGSQL_LIBS=''
PKG_CONFIG='/usr/bin/pkg-config'
RANLIB='ranlib'
S3D_SUBDIRS='launcher client server'
SDL_CFLAGS='-I/usr/include/SDL -D_GNU_SOURCE=1 -D_REENTRANT'
SDL_CONFIG='/usr/bin/sdl-config'
SDL_LIBS='-L/usr/lib/x86_64-linux-gnu -lSDL -lSDL_net'
SET_MAKE=''
SHELL='/bin/bash'
STRIP=''
VERSION='43'
VORBISENC_LIBS='-lvorbisenc'
VORBISFILE_LIBS='-lvorbisfile'
VORBIS_CFLAGS=''
VORBIS_LIBS=' -lvorbis -lm'
WX_CFLAGS='-I/usr/lib/x86_64-linux-gnu/wx/include/gtk2-unicode-3.0 -I/usr/include/wx-3.0 -D_FILE_OFFSET_BITS=64 -DWXUSINGDLL -D__WXGTK__ -pthread'
WX_CFLAGS_ONLY='-pthread'
WX_CONFIG_PATH='/usr/bin/wx-config'
WX_CPPFLAGS='-I/usr/lib/x86_64-linux-gnu/wx/include/gtk2-unicode-3.0 -I/usr/include/wx-3.0 -D_FILE_OFFSET_BITS=64 -DWXUSINGDLL -D__WXGTK__'
WX_CXXFLAGS='-I/usr/lib/x86_64-linux-gnu/wx/include/gtk2-unicode-3.0 -I/usr/include/wx-3.0 -D_FILE_OFFSET_BITS=64 -DWXUSINGDLL -D__WXGTK__ -pthread'
WX_CXXFLAGS_ONLY=''
WX_LIBS='-L/usr/lib/x86_64-linux-gnu -pthread   -lwx_gtk2u_xrc-3.0 -lwx_gtk2u_html-3.0 -lwx_gtk2u_qa-3.0 -lwx_gtk2u_adv-3.0 -lwx_gtk2u_core-3.0 -lwx_baseu_xml-3.0 -lwx_baseu_net-3.0 -lwx_baseu-3.0 '
WX_LIBS_STATIC=''
WX_VERSION='3.0.2'
ac_ct_CC='gcc'
ac_ct_CXX='g++'
am__EXEEXT_FALSE=''
am__EXEEXT_TRUE='#'
am__fastdepCC_FALSE='#'
am__fastdepCC_TRUE=''
am__fastdepCXX_FALSE='#'
am__fastdepCXX_TRUE=''
am__include='include'
am__isrc=''
am__leading_dot='.'
am__nodep='_no'
am__quote=''
am__tar='$${TAR-tar} chof - "$$tardir"'
am__untar='$${TAR-tar} xf -'
bindir='${exec_prefix}/bin'
build='x86_64-unknown-linux-gnu'
build_alias=''
build_cpu='x86_64'
build_os='linux-gnu'
build_vendor='unknown'
datadir='${datarootdir}'
datarootdir='${prefix}/share'
docdir='${datadir}/documentation'
dvidir='${docdir}'
exec_prefix='${prefix}'
host='x86_64-unknown-linux-gnu'
host_alias=''
host_cpu='x86_64'
host_os='linux-gnu'
host_vendor='unknown'
htmldir='${docdir}'
includedir='${prefix}/include'
infodir='${datarootdir}/info'
install_sh='${SHELL} /home/ripednail/Documents/scorched/install-sh'
libdir='${exec_prefix}/lib'
libexecdir='${exec_prefix}/libexec'
localedir='${datarootdir}/locale'
localstatedir='${prefix}/var'
mandir='${datarootdir}/man'
mkdir_p='$(MKDIR_P)'
oldincludedir='/usr/include'
pdfdir='${docdir}'
prefix='/usr/local/games/scorched3d'
program_transform_name='s,x,x,'
psdir='${docdir}'
sbindir='${exec_prefix}/sbin'
sharedstatedir='${prefix}/com'
sysconfdir='${prefix}/etc'
target='x86_64-unknown-linux-gnu'
target_alias=''
target_cpu='x86_64'
target_os='linux-gnu'
target_vendor='unknown'

## ----------- ##
## confdefs.h. ##
## ----------- ##

/* confdefs.h */
#define PACKAGE_NAME ""
#define PACKAGE_TARNAME ""
#define PACKAGE_VERSION ""
#define PACKAGE_STRING ""
#define PACKAGE_BUGREPORT ""
#define PACKAGE_URL ""
#define PACKAGE "scorched3d"
#define VERSION "43"
#define HAVE_OGG 1
#define HAVE_VSNPRINTF 1
#define HAVE_SNPRINTF 1
#define HAVE_VASPRINTF 1
#define HAVE_ASPRINTF 1
#define HAVE_ICONV 1
#define STDC_HEADERS 1
#define HAVE_SYS_TYPES_H 1
#define HAVE_SYS_STAT_H 1
#define HAVE_STDLIB_H 1
#define HAVE_STRING_H 1
#define HAVE_MEMORY_H 1
#define HAVE_STRINGS_H 1
#define HAVE_INTTYPES_H 1
#define HAVE_STDINT_H 1
#define HAVE_UNISTD_H 1
#define HAVE_UNISTD_H 1
#define HAVE_ICONV_H 1

configure: exit 0
